{
  "Cucumber": {
    "coverage": {
      "/home/jayg/Desktop/4152/PetApp/app/models/user.rb": {
        "lines": [
          1,
          1,
          null,
          null,
          null,
          null,
          null
        ]
      },
      "/home/jayg/Desktop/4152/PetApp/app/models/application_record.rb": {
        "lines": [
          1,
          1,
          null
        ]
      },
      "/home/jayg/Desktop/4152/PetApp/app/models/pet.rb": {
        "lines": [
          1,
          1,
          1,
          null,
          null,
          null
        ]
      },
      "/home/jayg/Desktop/4152/PetApp/app/controllers/renderer_controller.rb": {
        "lines": [
          1,
          1,
          0,
          null,
          1,
          1,
          1,
          1,
          null,
          1,
          2,
          2,
          2,
          2,
          null,
          1,
          8,
          8,
          null,
          null,
          1,
          1,
          null,
          null,
          1,
          1,
          1,
          null,
          null,
          1,
          1,
          1,
          null,
          null,
          null
        ]
      },
      "/home/jayg/Desktop/4152/PetApp/app/controllers/application_controller.rb": {
        "lines": [
          1,
          null
        ]
      },
      "/home/jayg/Desktop/4152/PetApp/app/helpers/application_helper.rb": {
        "lines": [
          1,
          null
        ]
      },
      "/home/jayg/Desktop/4152/PetApp/app/helpers/activities_helper.rb": {
        "lines": [
          1,
          null
        ]
      },
      "/home/jayg/Desktop/4152/PetApp/app/helpers/pets_helper.rb": {
        "lines": [
          1,
          null
        ]
      },
      "/home/jayg/Desktop/4152/PetApp/app/helpers/renderer_helper.rb": {
        "lines": [
          1,
          null
        ]
      },
      "/home/jayg/Desktop/4152/PetApp/app/controllers/users_controller.rb": {
        "lines": [
          1,
          1,
          null,
          null,
          1,
          0,
          0,
          null,
          null,
          null,
          1,
          0,
          0,
          null,
          null,
          null,
          1,
          0,
          null,
          0,
          0,
          0,
          0,
          null,
          null,
          0,
          0,
          0,
          0,
          null,
          0,
          null,
          0,
          0,
          0,
          null,
          null,
          null,
          null,
          null,
          null,
          null,
          null,
          null,
          null,
          null,
          null,
          null,
          null,
          null,
          1,
          0,
          null,
          null,
          0,
          0,
          null,
          0,
          null,
          null,
          null,
          null,
          1,
          0,
          0,
          0,
          null,
          null,
          null,
          null,
          null,
          null,
          null,
          null,
          null,
          null,
          null,
          null,
          null,
          null,
          1,
          null,
          null,
          7,
          null,
          7,
          7,
          null,
          7,
          null,
          7,
          6,
          6,
          6,
          null,
          1,
          null,
          null,
          null,
          null,
          1,
          1,
          0,
          null,
          null,
          1,
          1,
          0,
          null,
          null
        ]
      },
      "/home/jayg/Desktop/4152/PetApp/app/controllers/activities_controller.rb": {
        "lines": [
          1,
          1,
          null,
          1,
          0,
          0,
          null,
          null,
          1,
          0,
          0,
          null,
          null,
          1,
          null,
          2,
          2,
          null,
          2,
          0,
          null,
          2,
          null,
          null,
          null,
          1,
          1,
          null,
          1,
          1,
          null,
          0,
          null,
          null,
          null,
          1,
          null,
          1,
          1,
          null,
          null,
          null,
          null,
          null
        ]
      },
      "/home/jayg/Desktop/4152/PetApp/app/models/activity.rb": {
        "lines": [
          1,
          1,
          null,
          null,
          null
        ]
      },
      "/home/jayg/Desktop/4152/PetApp/app/controllers/pets_controller.rb": {
        "lines": [
          1,
          1,
          null,
          1,
          0,
          0,
          null,
          null,
          1,
          3,
          3,
          null,
          null,
          1,
          null,
          1,
          null,
          1,
          null,
          null,
          1,
          null,
          1,
          1,
          null,
          1,
          0,
          null,
          1,
          null,
          null,
          null,
          null,
          null,
          1,
          1,
          1,
          1,
          null,
          0,
          null,
          null,
          null,
          1,
          1,
          1,
          null,
          null,
          null,
          null,
          null,
          null,
          null,
          null,
          null
        ]
      }
    },
    "timestamp": 1699854803
  },
  "RSpec": {
    "coverage": {
      "/home/jayg/Desktop/huawei/PetApp/app/helpers/activities_helper.rb": {
        "lines": [
          1,
          null
        ]
      },
      "/home/jayg/Desktop/huawei/PetApp/app/helpers/application_helper.rb": {
        "lines": [
          1,
          null
        ]
      },
      "/home/jayg/Desktop/huawei/PetApp/app/helpers/pets_helper.rb": {
        "lines": [
          1,
          null
        ]
      },
      "/home/jayg/Desktop/huawei/PetApp/app/helpers/renderer_helper.rb": {
        "lines": [
          1,
          null
        ]
      },
      "/home/jayg/Desktop/huawei/PetApp/app/controllers/activities_controller.rb": {
        "lines": [
          1,
          1,
          null,
          1,
          1,
          1,
          null,
          null,
          1,
          1,
          1,
          null,
          null,
          1,
          null,
          2,
          2,
          null,
          2,
          1,
          null,
          1,
          null,
          null,
          null,
          1,
          2,
          null,
          2,
          1,
          null,
          1,
          null,
          null,
          null,
          null,
          1,
          1,
          1,
          null,
          null,
          1,
          null,
          1,
          2,
          null,
          null,
          null,
          null,
          null
        ]
      },
      "/home/jayg/Desktop/huawei/PetApp/app/controllers/application_controller.rb": {
        "lines": [
          1,
          null
        ]
      },
      "/home/jayg/Desktop/huawei/PetApp/app/controllers/pets_controller.rb": {
        "lines": [
          1,
          1,
          null,
          1,
          1,
          1,
          null,
          null,
          1,
          1,
          1,
          null,
          null,
          1,
          null,
          1,
          null,
          1,
          null,
          null,
          1,
          null,
          2,
          2,
          null,
          2,
          1,
          null,
          1,
          null,
          null,
          null,
          null,
          null,
          1,
          2,
          2,
          1,
          null,
          1,
          null,
          null,
          null,
          null,
          1,
          2,
          null,
          null,
          2,
          2,
          null,
          2,
          2,
          null,
          0,
          null,
          null,
          null,
          null,
          1,
          2,
          null,
          null,
          2,
          null,
          2,
          null,
          2,
          2,
          null,
          0,
          null,
          null,
          null,
          null,
          1,
          1,
          1,
          null,
          null,
          1,
          1,
          2,
          null,
          null,
          null,
          null,
          null,
          null,
          null,
          null,
          null,
          null
        ]
      },
      "/home/jayg/Desktop/huawei/PetApp/app/controllers/users_controller.rb": {
        "lines": [
          1,
          1,
          null,
          null,
          1,
          1,
          1,
          null,
          null,
          null,
          1,
          1,
          1,
          null,
          null,
          null,
          1,
          3,
          null,
          3,
          1,
          1,
          1,
          null,
          null,
          2,
          1,
          1,
          1,
          null,
          1,
          null,
          1,
          1,
          1,
          null,
          null,
          null,
          null,
          null,
          null,
          null,
          null,
          null,
          null,
          null,
          null,
          null,
          null,
          null,
          1,
          2,
          null,
          null,
          2,
          1,
          null,
          1,
          null,
          null,
          null,
          null,
          1,
          3,
          3,
          3,
          null,
          null,
          null,
          null,
          null,
          null,
          null,
          null,
          null,
          null,
          null,
          null,
          null,
          null,
          1,
          null,
          null,
          2,
          null,
          2,
          2,
          null,
          2,
          null,
          2,
          1,
          1,
          1,
          null,
          1,
          null,
          null,
          null,
          null,
          1,
          1,
          11,
          null,
          null,
          1,
          1,
          3,
          null,
          null
        ]
      },
      "/home/jayg/Desktop/huawei/PetApp/app/models/activity.rb": {
        "lines": [
          1,
          1,
          null,
          null,
          null
        ]
      },
      "/home/jayg/Desktop/huawei/PetApp/app/models/application_record.rb": {
        "lines": [
          1,
          1,
          null
        ]
      },
      "/home/jayg/Desktop/huawei/PetApp/app/models/pet.rb": {
        "lines": [
          1,
          1,
          1,
          null,
          null,
          null
        ]
      },
      "/home/jayg/Desktop/huawei/PetApp/app/models/user.rb": {
        "lines": [
          1,
          1,
          null,
          null,
          null,
          null,
          null
        ]
      },
      "/home/jayg/Desktop/huawei/PetApp/app/controllers/renderer_controller.rb": {
        "lines": [
          1,
          1,
          1,
          null,
          1,
          1,
          1,
          1,
          null,
          1,
          1,
          1,
          1,
          1,
          null,
          1,
          1,
          1,
          null,
          null,
          1,
          1,
          null,
          null,
          1,
          1,
          null,
          null,
          1,
          1,
          1,
          null,
          null,
          1,
          1,
          1,
          null,
          null,
          1,
          1,
          null,
          null,
          null
        ]
      }
    },
    "timestamp": 1700872087
  }
}
